<?xml version="1.0" encoding="UTF-8"?>
<!-- Generated by org.testng.reporters.JUnitXMLReporter -->
<testsuite ignored="0" hostname="TYSS-Akash-Deb" failures="0" tests="3" name="Default test" time="6.346" errors="0" timestamp="20 Mar 2024 08:20:50 GMT">
  <testcase classname="shoppersstack.api.RegisterShopper.ShopperProfileTest" name="registerShopper" time="3.135"/>
  <testcase classname="shoppersstack.api.RegisterShopper.ShopperProfileTest" name="loginShopper" time="1.606"/>
  <testcase classname="shoppersstack.api.RegisterShopper.ShopperProfileTest" name="findShopperDataByShopperID" time="1.467"/>
</testsuite> <!-- Default test -->
